# JRE version: OpenJDK Runtime Environment (17.0.10) (build 17.0.10+0--11572160)
# Java VM: OpenJDK 64-Bit Server VM (17.0.10+0--11572160, mixed mode, tiered, compressed oops, compressed class ptrs, g1 gc, windows-amd64)
GC Precious Log:
 CPUs: 4 total, 4 available
 Memory: 3893M
 Large Page Support: Disabled
 NUMA Support: Disabled
 Compressed Oops: Enabled (32-bit)
 Heap Region Size: 1M
 Heap Min Capacity: 8M
 Heap Initial Capacity: 62M
 Heap Max Capacity: 2G
 Pre-touch: Disabled
 Parallel Workers: 4
 Concurrent Workers: 1
 Concurrent Refinement Workers: 4
 Periodic GC: Disabled
Heap:
 garbage-first heap   total 135168K, used 111957K [0x0000000080000000, 0x0000000100000000)
  region size 1024K, 33 young (33792K), 5 survivors (5120K)
 Metaspace       used 90055K, committed 90816K, reserved 1179648K
  class space    used 12432K, committed 12800K, reserved 1048576K
GC Heap History (20 events):
Event: 53.064 GC heap before
{Heap before GC invocations=44 (full 0):
 garbage-first heap   total 92160K, used 76175K [0x0000000080000000, 0x0000000100000000)
  region size 1024K, 21 young (21504K), 1 survivors (1024K)
 Metaspace       used 67165K, committed 67776K, reserved 1114112K
  class space    used 9034K, committed 9344K, reserved 1048576K
}
Event: 53.102 GC heap after
{Heap after GC invocations=45 (full 0):
 garbage-first heap   total 92160K, used 60209K [0x0000000080000000, 0x0000000100000000)
  region size 1024K, 3 young (3072K), 3 survivors (3072K)
 Metaspace       used 67165K, committed 67776K, reserved 1114112K
  class space    used 9034K, committed 9344K, reserved 1048576K
}
Event: 53.113 GC heap before
{Heap before GC invocations=45 (full 0):
 garbage-first heap   total 92160K, used 61233K [0x0000000080000000, 0x0000000100000000)
  region size 1024K, 4 young (4096K), 3 survivors (3072K)
 Metaspace       used 67165K, committed 67776K, reserved 1114112K
  class space    used 9034K, committed 9344K, reserved 1048576K
}
Event: 53.125 GC heap after
{Heap after GC invocations=46 (full 0):
 garbage-first heap   total 135168K, used 60974K [0x0000000080000000, 0x0000000100000000)
  region size 1024K, 1 young (1024K), 1 survivors (1024K)
 Metaspace       used 67165K, committed 67776K, reserved 1114112K
  class space    used 9034K, committed 9344K, reserved 1048576K
}
Event: 55.292 GC heap before
{Heap before GC invocations=46 (full 0):
 garbage-first heap   total 135168K, used 105006K [0x0000000080000000, 0x0000000100000000)
  region size 1024K, 42 young (43008K), 1 survivors (1024K)
 Metaspace       used 69920K, committed 70528K, reserved 1114112K
  class space    used 9406K, committed 9664K, reserved 1048576K
}
Event: 55.301 GC heap after
{Heap after GC invocations=47 (full 0):
 garbage-first heap   total 135168K, used 65025K [0x0000000080000000, 0x0000000100000000)
  region size 1024K, 4 young (4096K), 4 survivors (4096K)
 Metaspace       used 69920K, committed 70528K, reserved 1114112K
  class space    used 9406K, committed 9664K, reserved 1048576K
}
Event: 57.501 GC heap before
{Heap before GC invocations=47 (full 0):
 garbage-first heap   total 135168K, used 103937K [0x0000000080000000, 0x0000000100000000)
  region size 1024K, 42 young (43008K), 4 survivors (4096K)
 Metaspace       used 71455K, committed 72064K, reserved 1114112K
  class space    used 9624K, committed 9920K, reserved 1048576K
}
Event: 57.522 GC heap after
{Heap after GC invocations=48 (full 0):
 garbage-first heap   total 135168K, used 67530K [0x0000000080000000, 0x0000000100000000)
  region size 1024K, 3 young (3072K), 3 survivors (3072K)
 Metaspace       used 71455K, committed 72064K, reserved 1114112K
  class space    used 9624K, committed 9920K, reserved 1048576K
}
Event: 61.688 GC heap before
{Heap before GC invocations=48 (full 0):
 garbage-first heap   total 135168K, used 106442K [0x0000000080000000, 0x0000000100000000)
  region size 1024K, 41 young (41984K), 3 survivors (3072K)
 Metaspace       used 72967K, committed 73600K, reserved 1114112K
  class space    used 9831K, committed 10112K, reserved 1048576K
}
Event: 61.711 GC heap after
{Heap after GC invocations=49 (full 0):
 garbage-first heap   total 135168K, used 70212K [0x0000000080000000, 0x0000000100000000)
  region size 1024K, 6 young (6144K), 6 survivors (6144K)
 Metaspace       used 72967K, committed 73600K, reserved 1114112K
  class space    used 9831K, committed 10112K, reserved 1048576K
}
Event: 64.990 GC heap before
{Heap before GC invocations=49 (full 0):
 garbage-first heap   total 135168K, used 108100K [0x0000000080000000, 0x0000000100000000)
  region size 1024K, 42 young (43008K), 6 survivors (6144K)
 Metaspace       used 75500K, committed 76032K, reserved 1179648K
  class space    used 10262K, committed 10496K, reserved 1048576K
}
Event: 65.004 GC heap after
{Heap after GC invocations=50 (full 0):
 garbage-first heap   total 135168K, used 71387K [0x0000000080000000, 0x0000000100000000)
  region size 1024K, 4 young (4096K), 4 survivors (4096K)
 Metaspace       used 75500K, committed 76032K, reserved 1179648K
  class space    used 10262K, committed 10496K, reserved 1048576K
}
Event: 68.403 GC heap before
{Heap before GC invocations=50 (full 0):
 garbage-first heap   total 135168K, used 110299K [0x0000000080000000, 0x0000000100000000)
  region size 1024K, 42 young (43008K), 4 survivors (4096K)
 Metaspace       used 78384K, committed 79040K, reserved 1179648K
  class space    used 10760K, committed 11072K, reserved 1048576K
}
Event: 68.417 GC heap after
{Heap after GC invocations=51 (full 0):
 garbage-first heap   total 135168K, used 73318K [0x0000000080000000, 0x0000000100000000)
  region size 1024K, 3 young (3072K), 3 survivors (3072K)
 Metaspace       used 78384K, committed 79040K, reserved 1179648K
  class space    used 10760K, committed 11072K, reserved 1048576K
}
Event: 70.994 GC heap before
{Heap before GC invocations=51 (full 0):
 garbage-first heap   total 135168K, used 111206K [0x0000000080000000, 0x0000000100000000)
  region size 1024K, 40 young (40960K), 3 survivors (3072K)
 Metaspace       used 81252K, committed 81856K, reserved 1179648K
  class space    used 11186K, committed 11456K, reserved 1048576K
}
Event: 71.008 GC heap after
{Heap after GC invocations=52 (full 0):
 garbage-first heap   total 135168K, used 75431K [0x0000000080000000, 0x0000000100000000)
  region size 1024K, 4 young (4096K), 4 survivors (4096K)
 Metaspace       used 81252K, committed 81856K, reserved 1179648K
  class space    used 11186K, committed 11456K, reserved 1048576K
}
Event: 74.834 GC heap before
{Heap before GC invocations=52 (full 0):
 garbage-first heap   total 135168K, used 112295K [0x0000000080000000, 0x0000000100000000)
  region size 1024K, 40 young (40960K), 4 survivors (4096K)
 Metaspace       used 84059K, committed 84672K, reserved 1179648K
  class space    used 11646K, committed 11904K, reserved 1048576K
}
Event: 74.850 GC heap after
{Heap after GC invocations=53 (full 0):
 garbage-first heap   total 135168K, used 77050K [0x0000000080000000, 0x0000000100000000)
  region size 1024K, 4 young (4096K), 4 survivors (4096K)
 Metaspace       used 84059K, committed 84672K, reserved 1179648K
  class space    used 11646K, committed 11904K, reserved 1048576K
}
Event: 78.053 GC heap before
{Heap before GC invocations=53 (full 0):
 garbage-first heap   total 135168K, used 112890K [0x0000000080000000, 0x0000000100000000)
  region size 1024K, 39 young (39936K), 4 survivors (4096K)
 Metaspace       used 87005K, committed 87744K, reserved 1179648K
  class space    used 12025K, committed 12352K, reserved 1048576K
}
Event: 78.073 GC heap after
{Heap after GC invocations=54 (full 0):
 garbage-first heap   total 135168K, used 80213K [0x0000000080000000, 0x0000000100000000)
  region size 1024K, 5 young (5120K), 5 survivors (5120K)
 Metaspace       used 87005K, committed 87744K, reserved 1179648K
  class space    used 12025K, committed 12352K, reserved 1048576K
}

